Internal ctest changing into directory: D:/projects/misis2023f-23-check/misis2024s-23-04-michkov-e-v/build.check
Test project D:/projects/misis2023f-23-check/misis2024s-23-04-michkov-e-v/build.check
      Start  1: test_complex
      Start  2: test_rational
      Start  3: test_dynarr
      Start  4: test_stackarr
      Start  5: test_stacklst
      Start  6: test_queuelst
      Start  7: test_queuearr
      Start  8: test_queuelstpr
      Start  9: test_bitset
      Start 10: test_stackarrt
      Start 11: doctest_bitset
Could not find executable D:/projects/misis2023f-23-check/misis2024s-23-04-michkov-e-v/bin.check/doctest_bitset.exe
Looked in the following places:
D:/projects/misis2023f-23-check/misis2024s-23-04-michkov-e-v/bin.check/doctest_bitset.exe
D:/projects/misis2023f-23-check/misis2024s-23-04-michkov-e-v/bin.check/doctest_bitset.exe.exe
D:/projects/misis2023f-23-check/misis2024s-23-04-michkov-e-v/bin.check/Release/doctest_bitset.exe
D:/projects/misis2023f-23-check/misis2024s-23-04-michkov-e-v/bin.check/Release/doctest_bitset.exe.exe
Release/D:/projects/misis2023f-23-check/misis2024s-23-04-michkov-e-v/bin.check/doctest_bitset.exe
Release/D:/projects/misis2023f-23-check/misis2024s-23-04-michkov-e-v/bin.check/doctest_bitset.exe.exe
 1/30 Test #11: doctest_bitset ...................***Not Run   0.00 sec
      Start 12: doctest_bitset_m
      Start 13: doctest_complex
      Start 14: doctest_complex_io
      Start 15: doctest_complex_m
      Start 16: doctest_rational
 2/30 Test  #1: test_complex .....................   Passed    0.04 sec
      Start 17: doctest_rational_io
 3/30 Test  #2: test_rational ....................   Passed    0.03 sec
      Start 18: doctest_rational_m
 4/30 Test  #3: test_dynarr ......................   Passed    0.04 sec
      Start 19: doctest_dynarr
 5/30 Test  #4: test_stackarr ....................   Passed    0.04 sec
      Start 20: doctest_dynarr_m
 6/30 Test  #5: test_stacklst ....................   Passed    0.04 sec
      Start 21: doctest_queuearr
 7/30 Test  #6: test_queuelst ....................   Passed    0.04 sec
      Start 22: doctest_queuearr_m
 8/30 Test  #7: test_queuearr ....................   Passed    0.04 sec
      Start 23: doctest_queuelst
 9/30 Test  #8: test_queuelstpr ..................   Passed    0.04 sec
      Start 24: doctest_queuelst_m
10/30 Test  #9: test_bitset ......................   Passed    0.04 sec
      Start 25: doctest_queuelstpr
11/30 Test #10: test_stackarrt ...................   Passed    0.04 sec
      Start 26: doctest_queuelstpr_m
12/30 Test #12: doctest_bitset_m .................   Passed    0.04 sec
      Start 27: doctest_stackarr
13/30 Test #13: doctest_complex ..................***Failed    0.04 sec
      Start 28: doctest_stackarr_m
14/30 Test #14: doctest_complex_io ...............   Passed    0.04 sec
      Start 29: doctest_stacklst
15/30 Test #15: doctest_complex_m ................   Passed    0.04 sec
      Start 30: doctest_stacklst_m
16/30 Test #16: doctest_rational .................   Passed    0.04 sec
17/30 Test #17: doctest_rational_io ..............   Passed    0.04 sec
18/30 Test #18: doctest_rational_m ...............   Passed    0.03 sec
19/30 Test #19: doctest_dynarr ...................   Passed    0.03 sec
20/30 Test #20: doctest_dynarr_m .................   Passed    0.03 sec
21/30 Test #21: doctest_queuearr .................***Failed    0.03 sec
22/30 Test #22: doctest_queuearr_m ...............   Passed    0.03 sec
23/30 Test #23: doctest_queuelst .................   Passed    0.02 sec
24/30 Test #25: doctest_queuelstpr ...............   Passed    0.02 sec
25/30 Test #24: doctest_queuelst_m ...............   Passed    0.02 sec
26/30 Test #26: doctest_queuelstpr_m .............   Passed    0.02 sec
27/30 Test #27: doctest_stackarr .................   Passed    0.01 sec
28/30 Test #28: doctest_stackarr_m ...............   Passed    0.01 sec
29/30 Test #29: doctest_stacklst .................   Passed    0.01 sec
30/30 Test #30: doctest_stacklst_m ...............   Passed    0.01 sec

90% tests passed, 3 tests failed out of 30

Total Test time (real) =   0.09 sec

The following tests FAILED:
	 11 - doctest_bitset (Not Run)
	 13 - doctest_complex (Failed)
	 21 - doctest_queuearr (Failed)
